<?xml version="1.0" encoding="UTF-8"?>
<!-- Generated by org.testng.reporters.JUnitXMLReporter -->
<testsuite ignored="0" hostname="WINDOWS-SBM5E6C" failures="0" tests="5" name="Default test" time="56.853" errors="0" timestamp="2022-07-31T19:44:09 IST">
  <testcase classname="org.Selenium.GcReddy.batchNo32.LoginActions_MultipleData" name="Login_Runner_MultipleData" time="6.967"/>
  <testcase classname="org.Selenium.GcReddy.batchNo32.LoginActions_MultipleData" name="Login_Runner_MultipleData" time="6.672"/>
  <testcase classname="org.Selenium.GcReddy.batchNo32.LoginActions_MultipleData" name="Login_Runner_MultipleData" time="6.64"/>
  <testcase classname="org.Selenium.GcReddy.batchNo32.LoginActions_MultipleData" name="Login_Runner_MultipleData" time="6.546"/>
  <testcase classname="org.Selenium.GcReddy.batchNo32.LoginActions_MultipleData" name="Login_Runner_MultipleData" time="6.528"/>
</testsuite> <!-- Default test -->
